<?xml version="1.0" encoding="UTF-8"?>
<!-- Generated by org.testng.reporters.JUnitReportReporter -->
<testsuite hostname="PW0A9VLC" failures="0" tests="5" name="petRequestTest" time="8.499" errors="0" timestamp="10 Oct 2024 10:33:16 GMT" skipped="0">
  <testcase classname="petRequestTest" name="addPetTest" time="3.076"/>
  <testcase classname="petRequestTest" name="findByIdTest" time="1.387"/>
  <testcase classname="petRequestTest" name="updatePetTest" time="1.383"/>
  <testcase classname="petRequestTest" name="findByStatusTest" time="1.340"/>
  <testcase classname="petRequestTest" name="deletePetTest" time="1.313"/>
</testsuite> <!-- petRequestTest -->
